This is pdfTeX, Version 3.1415926-2.5-1.40.14 (TeX Live 2013) (format=latex 2014.6.17)  18 DEC 2014 18:35
entering extended mode
 restricted \write18 enabled.
 %&-line parsing enabled.
**ap3labman_2012.tex
(./ap3labman_2012.tex
LaTeX2e <2011/06/27>
Babel <3.9f> and hyphenation patterns for 78 languages loaded.
(/usr/local/texlive/2013/texmf-dist/tex/latex/base/article.cls
Document Class: article 2007/10/19 v1.4h Standard LaTeX document class
(/usr/local/texlive/2013/texmf-dist/tex/latex/base/size12.clo
File: size12.clo 2007/10/19 v1.4h Standard LaTeX file (size option)
)
\c@part=\count79
\c@section=\count80
\c@subsection=\count81
\c@subsubsection=\count82
\c@paragraph=\count83
\c@subparagraph=\count84
\c@figure=\count85
\c@table=\count86
\abovecaptionskip=\skip41
\belowcaptionskip=\skip42
\bibindent=\dimen102
)
(/usr/local/texlive/2013/texmf-dist/tex/latex/graphics/graphics.sty
Package: graphics 2009/02/05 v1.0o Standard LaTeX Graphics (DPC,SPQR)

(/usr/local/texlive/2013/texmf-dist/tex/latex/graphics/trig.sty
Package: trig 1999/03/16 v1.09 sin cos tan (DPC)
)
(/usr/local/texlive/2013/texmf-dist/tex/latex/latexconfig/graphics.cfg
File: graphics.cfg 2010/04/23 v1.9 graphics configuration of TeX Live
)
Package graphics Info: Driver file: dvips.def on input line 91.

(/usr/local/texlive/2013/texmf-dist/tex/latex/graphics/dvips.def
File: dvips.def 1999/02/16 v3.0i Driver-dependant file (DPC,SPQR)
)) (./psfig.sty
\@unused=\write3
\ps@stream=\read1
\p@intvaluex=\dimen103
\p@intvaluey=\dimen104
psfig/tex 1.10-dvips
) (./ap3labman_2012.aux)
\openout1 = `ap3labman_2012.aux'.

LaTeX Font Info:    Checking defaults for OML/cmm/m/it on input line 22.
LaTeX Font Info:    ... okay on input line 22.
LaTeX Font Info:    Checking defaults for T1/cmr/m/n on input line 22.
LaTeX Font Info:    ... okay on input line 22.
LaTeX Font Info:    Checking defaults for OT1/cmr/m/n on input line 22.
LaTeX Font Info:    ... okay on input line 22.
LaTeX Font Info:    Checking defaults for OMS/cmsy/m/n on input line 22.
LaTeX Font Info:    ... okay on input line 22.
LaTeX Font Info:    Checking defaults for OMX/cmex/m/n on input line 22.
LaTeX Font Info:    ... okay on input line 22.
LaTeX Font Info:    Checking defaults for U/cmr/m/n on input line 22.
LaTeX Font Info:    ... okay on input line 22.
File: crest.eps Graphic file (type eps)
 <crest.eps> [1

] [2]
LaTeX Font Info:    External font `cmex10' loaded for size
(Font)              <12> on input line 108.
LaTeX Font Info:    External font `cmex10' loaded for size
(Font)              <8> on input line 108.
LaTeX Font Info:    External font `cmex10' loaded for size
(Font)              <6> on input line 108.
 [3] [4] [5] [1]
Underfull \hbox (badness 10000) in paragraph at lines 392--392

 []


Underfull \hbox (badness 10000) in paragraph at lines 412--412

 []


Underfull \hbox (badness 10000) in paragraph at lines 412--412

 []


Underfull \hbox (badness 10000) in paragraph at lines 412--412

 []


Underfull \hbox (badness 10000) in paragraph at lines 412--412

 []

File: ap3labbench.ps Graphic file (type eps)
<ap3labbench.ps> [2]
File: ap3labspec0.ps Graphic file (type eps)
 <ap3labspec0.ps> [3]
File: ap3labspec1.ps Graphic file (type eps)
 <ap3labspec1.ps>
LaTeX Font Info:    External font `cmex10' loaded for size
(Font)              <14.4> on input line 482.
LaTeX Font Info:    External font `cmex10' loaded for size
(Font)              <7> on input line 482.
LaTeX Font Info:    External font `cmex10' loaded for size
(Font)              <5> on input line 484.
 [4]
psfig: searching ap3labspec2.ps for bounding box
(clip)
psfig: including ap3labspec2.ps 

LaTeX Font Warning: Command \Large invalid in math mode on input line 544.


LaTeX Font Warning: Command \Large invalid in math mode on input line 564.

[5] [6] [7] [8]
File: ap3labspec3.ps Graphic file (type eps)
 <ap3labspec3.ps> [9]
File: ap3labHe_spectrum.ps Graphic file (type eps)
 <ap3labHe_spectrum.ps> [10] [11] [12]
! Missing $ inserted.
<inserted text> 
                $
l.1086 ...ointing to the solution for {\sc helium_
                  